
DEBUG:root:Bus - __init__
DEBUG:root:Bus - get_bus
DEBUG:root:FileRepository - __init__
DEBUG:root:FileRepository - __read_from_file
DEBUG:root:AngleValidator - __init__
DEBUG:root:ControllerLimb - __init__
DEBUG:root:FileRepository - get_addresses_dict
DEBUG:root:ControllerLimb - __set_leg_dict_sequential
DEBUG:root:ControllerLimb - __set_channels
DEBUG:root:ControllerLimb - __set_channels
DEBUG:root:ControllerLimb - __set_channels
DEBUG:root:Leg - __init__ : leg_right_front
DEBUG:root:Leg - __init__leg_right_front
DEBUG:root:Leg - __init__ : leg_left_front
DEBUG:root:Leg - __init__leg_left_front
DEBUG:root:Leg - __init__ : leg_right_back
DEBUG:root:Leg - __init__leg_right_back
DEBUG:root:Leg - __init__ : leg_left_back
DEBUG:root:Leg - __init__leg_left_back
DEBUG:root:Tail - __init__ : tail
DEBUG:root:Tail - __init__ 10 tail
DEBUG:root:Head - __init__ : head
DEBUG:root:Head - __init__ 45, 45 head
DEBUG:root:Mover - __init__
DEBUG:root:DecisionMaker - __init__
DEBUG:root:DecisionMaker - mirror_emotion
DEBUG:root:Mover - move
DEBUG:root:Mover - __kitty_move
DEBUG:root:Mover - __move_RB
DEBUG:root:ControllerLimb - leg_right_back
DEBUG:root:Mover - __move_RF
DEBUG:root:Leg - move leg_right_back
DEBUG:root:ControllerLimb - leg_right_front
DEBUG:root:Mover - __move_LB
DEBUG:root:AngleValidator - check_angle
DEBUG:root:Mover - __move_LF
DEBUG:root:Leg - move leg_right_front
DEBUG:root:ControllerLimb - leg_left_back
DEBUG:root:Mover - __move_tail
DEBUG:root:AngleValidator - check_angle
DEBUG:root:ControllerLimb - leg_left_front
DEBUG:root:AngleValidator - check_angle
DEBUG:root:Leg - move leg_left_back
DEBUG:root:Mover - __move_head
DEBUG:root:ControllerLimb - head
DEBUG:root:Leg - move_leg_with_given_angles leg_right_back
DEBUG:root:Leg - move leg_left_front
DEBUG:root:AngleValidator - check_angle
DEBUG:root:AngleValidator - check_angle
DEBUG:root:ControllerLimb - tail
DEBUG:root:Head - move head
DEBUG:root:AngleValidator - check_angle
DEBUG:root:AngleValidator - check_angle
DEBUG:root:Leg - move_leg_with_given_angles leg_right_front
DEBUG:root:AngleValidator - check_angle
DEBUG:root:Tail - move tail
DEBUG:root:AngleValidator - check_angle
DEBUG:root:AngleValidator - check_angle
DEBUG:root:AngleValidator - check_angle
DEBUG:root:AngleValidator - check_angle
DEBUG:root:Leg - move_leg_with_given_angles leg_left_back
DEBUG:root:AngleValidator - check_angle
DEBUG:root:AngleValidator - check_angle
DEBUG:root:Leg - move_leg_with_given_angles leg_left_front
DEBUG:root:AngleValidator - check_angle
DEBUG:root:AngleValidator - check_angle
DEBUG:root:AngleValidator - check_angle
DEBUG:root:AngleValidator - check_angle
DEBUG:root:AngleValidator - check_angle
WARNING:tensorflow:From /home/pi/.virtualenvs/cv/lib/python3.7/site-packages/tensorflow_core/python/ops/resource_variable_ops.py:1630: calling BaseResourceVariable.__init__ (from tensorflow.python.ops.resource_variable_ops) with constraint is deprecated and will be removed in a future version.
Instructions for updating:
If using Keras pass *_constraint arguments to layers.
DEBUG:root:DecisionMaker - mirror_emotion
DEBUG:root:Mover - move
DEBUG:root:Mover - __kitty_move
DEBUG:root:Mover - __move_RB
DEBUG:root:Mover - __move_RF
DEBUG:root:ControllerLimb - leg_right_back
DEBUG:root:Mover - __move_LB
DEBUG:root:ControllerLimb - leg_right_front
DEBUG:root:Mover - __move_LF
DEBUG:root:Leg - move leg_right_back
DEBUG:root:ControllerLimb - leg_left_back
DEBUG:root:Leg - move leg_left_back
DEBUG:root:Leg - move leg_right_front
DEBUG:root:AngleValidator - check_angle
DEBUG:root:ControllerLimb - leg_left_front
DEBUG:root:AngleValidator - check_angle
DEBUG:root:Mover - __move_tail
DEBUG:root:AngleValidator - check_angle
DEBUG:root:AngleValidator - check_angle
DEBUG:root:Leg - move_leg_with_given_angles leg_right_front
DEBUG:root:Leg - move leg_left_front
DEBUG:root:AngleValidator - check_angle
DEBUG:root:ControllerLimb - tail
DEBUG:root:AngleValidator - check_angle
DEBUG:root:AngleValidator - check_angle
DEBUG:root:AngleValidator - check_angle
DEBUG:root:AngleValidator - check_angle
DEBUG:root:Leg - move_leg_with_given_angles leg_right_back
DEBUG:root:Tail - move tail
DEBUG:root:Leg - move_leg_with_given_angles leg_left_back
DEBUG:root:Mover - __move_head
DEBUG:root:AngleValidator - check_angle
DEBUG:root:AngleValidator - check_angle
DEBUG:root:AngleValidator - check_angle
DEBUG:root:AngleValidator - check_angle
DEBUG:root:ControllerLimb - head
DEBUG:root:Leg - move_leg_with_given_angles leg_left_front
DEBUG:root:AngleValidator - check_angle
DEBUG:root:AngleValidator - check_angle
DEBUG:root:Head - move head
DEBUG:root:AngleValidator - check_angle
DEBUG:root:AngleValidator - check_angle
DEBUG:root:AngleValidator - check_angle
DEBUG:root:AngleValidator - check_angle
DEBUG:root:DecisionMaker - mirror_emotion
DEBUG:root:Mover - move
DEBUG:root:Mover - __kitty_move
DEBUG:root:Mover - __move_RB
DEBUG:root:ControllerLimb - leg_right_back
DEBUG:root:Leg - move leg_right_back
DEBUG:root:AngleValidator - check_angle
DEBUG:root:Mover - __move_RF
DEBUG:root:AngleValidator - check_angle
DEBUG:root:ControllerLimb - leg_right_front
DEBUG:root:Mover - __move_LB
DEBUG:root:Leg - move_leg_with_given_angles leg_right_back
DEBUG:root:Leg - move leg_right_front
DEBUG:root:ControllerLimb - leg_left_back
DEBUG:root:AngleValidator - check_angle
DEBUG:root:AngleValidator - check_angle
DEBUG:root:Leg - move leg_left_back
DEBUG:root:AngleValidator - check_angle
DEBUG:root:AngleValidator - check_angle
DEBUG:root:AngleValidator - check_angle
DEBUG:root:Leg - move_leg_with_given_angles leg_right_front
DEBUG:root:AngleValidator - check_angle
DEBUG:root:AngleValidator - check_angle
DEBUG:root:Leg - move_leg_with_given_angles leg_left_back
DEBUG:root:AngleValidator - check_angle
DEBUG:root:AngleValidator - check_angle
DEBUG:root:AngleValidator - check_angle
DEBUG:root:Mover - __move_LF
DEBUG:root:ControllerLimb - leg_left_front
DEBUG:root:Mover - __move_tail
DEBUG:root:Leg - move leg_left_front
DEBUG:root:AngleValidator - check_angle
DEBUG:root:ControllerLimb - tail
DEBUG:root:Mover - __move_head
DEBUG:root:AngleValidator - check_angle
DEBUG:root:Tail - move tail
DEBUG:root:Leg - move_leg_with_given_angles leg_left_front
DEBUG:root:AngleValidator - check_angle
DEBUG:root:AngleValidator - check_angle
DEBUG:root:AngleValidator - check_angle
DEBUG:root:ControllerLimb - head
DEBUG:root:Head - move head
DEBUG:root:AngleValidator - check_angle
DEBUG:root:AngleValidator - check_angle
DEBUG:root:DecisionMaker - mirror_emotion
DEBUG:root:Mover - move
DEBUG:root:Mover - __kitty_move
DEBUG:root:Mover - __move_RB
DEBUG:root:ControllerLimb - leg_right_back
DEBUG:root:Leg - move leg_right_back
DEBUG:root:AngleValidator - check_angle
DEBUG:root:Mover - __move_RF
DEBUG:root:ControllerLimb - leg_right_front
DEBUG:root:Mover - __move_LB
DEBUG:root:ControllerLimb - leg_left_back
DEBUG:root:Leg - move leg_left_back
DEBUG:root:AngleValidator - check_angle
DEBUG:root:Mover - __move_tail
DEBUG:root:Mover - __move_LF
DEBUG:root:Mover - __move_head
DEBUG:root:AngleValidator - check_angle
DEBUG:root:AngleValidator - check_angle
DEBUG:root:ControllerLimb - tail
DEBUG:root:ControllerLimb - leg_left_front
DEBUG:root:Leg - move leg_right_front
DEBUG:root:ControllerLimb - head
DEBUG:root:Leg - move_leg_with_given_angles leg_right_back
DEBUG:root:Leg - move_leg_with_given_angles leg_left_back
DEBUG:root:Tail - move tail
DEBUG:root:Leg - move leg_left_front
DEBUG:root:AngleValidator - check_angle
DEBUG:root:AngleValidator - check_angle
DEBUG:root:AngleValidator - check_angle
DEBUG:root:AngleValidator - check_angle
DEBUG:root:AngleValidator - check_angle
DEBUG:root:AngleValidator - check_angle
DEBUG:root:Head - move head
DEBUG:root:Leg - move_leg_with_given_angles leg_right_front
DEBUG:root:AngleValidator - check_angle
DEBUG:root:AngleValidator - check_angle
DEBUG:root:AngleValidator - check_angle
DEBUG:root:AngleValidator - check_angle
DEBUG:root:AngleValidator - check_angle
DEBUG:root:AngleValidator - check_angle
DEBUG:root:AngleValidator - check_angle
DEBUG:root:Leg - move_leg_with_given_angles leg_left_front
DEBUG:root:AngleValidator - check_angle
DEBUG:root:AngleValidator - check_angle
DEBUG:root:DecisionMaker - mirror_emotion
DEBUG:root:Mover - move
DEBUG:root:Mover - __kitty_move
DEBUG:root:Mover - __move_RB
DEBUG:root:ControllerLimb - leg_right_back
DEBUG:root:Leg - move leg_right_back
DEBUG:root:AngleValidator - check_angle
DEBUG:root:AngleValidator - check_angle
DEBUG:root:Leg - move_leg_with_given_angles leg_right_back
DEBUG:root:AngleValidator - check_angle
DEBUG:root:AngleValidator - check_angle
DEBUG:root:Mover - __move_RF
DEBUG:root:ControllerLimb - leg_right_front
DEBUG:root:Leg - move leg_right_front
DEBUG:root:AngleValidator - check_angle
DEBUG:root:AngleValidator - check_angle
DEBUG:root:Leg - move_leg_with_given_angles leg_right_front
DEBUG:root:AngleValidator - check_angle
DEBUG:root:AngleValidator - check_angle
DEBUG:root:Mover - __move_LB
DEBUG:root:Mover - __move_LF
DEBUG:root:Mover - __move_tail
DEBUG:root:ControllerLimb - leg_left_back
DEBUG:root:ControllerLimb - leg_left_front
DEBUG:root:ControllerLimb - tail
DEBUG:root:Leg - move leg_left_back
DEBUG:root:Leg - move leg_left_front
DEBUG:root:Tail - move tail
DEBUG:root:AngleValidator - check_angle
DEBUG:root:AngleValidator - check_angle
DEBUG:root:AngleValidator - check_angle
DEBUG:root:AngleValidator - check_angle
DEBUG:root:AngleValidator - check_angle
DEBUG:root:Leg - move_leg_with_given_angles leg_left_back
DEBUG:root:Leg - move_leg_with_given_angles leg_left_front
DEBUG:root:Mover - __move_head
DEBUG:root:AngleValidator - check_angle
DEBUG:root:AngleValidator - check_angle
DEBUG:root:ControllerLimb - head
DEBUG:root:AngleValidator - check_angle
DEBUG:root:AngleValidator - check_angle
DEBUG:root:Head - move head
DEBUG:root:AngleValidator - check_angle
DEBUG:root:AngleValidator - check_angle
DEBUG:root:Mover - __kitty_move
DEBUG:root:Mover - __move_RB
DEBUG:root:Mover - __move_RF
DEBUG:root:ControllerLimb - leg_right_back
DEBUG:root:ControllerLimb - leg_right_front
DEBUG:root:Leg - move leg_right_back
DEBUG:root:AngleValidator - check_angle
DEBUG:root:Mover - __move_LB
DEBUG:root:AngleValidator - check_angle
DEBUG:root:Leg - move_leg_with_given_angles leg_right_back
DEBUG:root:AngleValidator - check_angle
DEBUG:root:AngleValidator - check_angle
DEBUG:root:Mover - __move_tail
DEBUG:root:Mover - __move_LF
DEBUG:root:ControllerLimb - tail
DEBUG:root:Mover - __move_head
DEBUG:root:ControllerLimb - leg_left_front
DEBUG:root:Tail - move tail
DEBUG:root:Leg - move leg_left_front
DEBUG:root:AngleValidator - check_angle
DEBUG:root:AngleValidator - check_angle
DEBUG:root:AngleValidator - check_angle
DEBUG:root:Leg - move_leg_with_given_angles leg_left_front
DEBUG:root:AngleValidator - check_angle
DEBUG:root:AngleValidator - check_angle
DEBUG:root:ControllerLimb - head
DEBUG:root:Leg - move leg_right_front
DEBUG:root:ControllerLimb - leg_left_back
DEBUG:root:Head - move head
DEBUG:root:AngleValidator - check_angle
DEBUG:root:Leg - move leg_left_back
DEBUG:root:AngleValidator - check_angle
DEBUG:root:AngleValidator - check_angle
DEBUG:root:AngleValidator - check_angle
DEBUG:root:AngleValidator - check_angle
DEBUG:root:Leg - move_leg_with_given_angles leg_right_front
DEBUG:root:AngleValidator - check_angle
DEBUG:root:AngleValidator - check_angle
DEBUG:root:Leg - move_leg_with_given_angles leg_left_back
DEBUG:root:AngleValidator - check_angle
DEBUG:root:AngleValidator - check_angle
DEBUG:root:AngleValidator - check_angle
DEBUG:root:DecisionMaker - mirror_emotion
DEBUG:root:Mover - move
DEBUG:root:Mover - __kitty_move
DEBUG:root:Mover - __move_RB
DEBUG:root:ControllerLimb - leg_right_back
DEBUG:root:Leg - move leg_right_back
DEBUG:root:AngleValidator - check_angle
DEBUG:root:AngleValidator - check_angle
DEBUG:root:Mover - __move_RF
DEBUG:root:Leg - move_leg_with_given_angles leg_right_back
DEBUG:root:AngleValidator - check_angle
DEBUG:root:AngleValidator - check_angle
DEBUG:root:ControllerLimb - leg_right_front
DEBUG:root:Leg - move leg_right_front
DEBUG:root:Mover - __move_LB
DEBUG:root:ControllerLimb - leg_left_back
DEBUG:root:Leg - move leg_left_back
DEBUG:root:AngleValidator - check_angle
DEBUG:root:Mover - __move_LF
DEBUG:root:Mover - __move_tail
DEBUG:root:Mover - __move_head
DEBUG:root:ControllerLimb - head
DEBUG:root:AngleValidator - check_angle
DEBUG:root:ControllerLimb - leg_left_front
DEBUG:root:ControllerLimb - tail
DEBUG:root:Head - move head
DEBUG:root:AngleValidator - check_angle
DEBUG:root:Leg - move_leg_with_given_angles leg_right_front
DEBUG:root:Leg - move leg_left_front
DEBUG:root:Tail - move tail
DEBUG:root:AngleValidator - check_angle
DEBUG:root:AngleValidator - check_angle
DEBUG:root:AngleValidator - check_angle
DEBUG:root:AngleValidator - check_angle
DEBUG:root:AngleValidator - check_angle
DEBUG:root:Leg - move_leg_with_given_angles leg_left_back
DEBUG:root:AngleValidator - check_angle
DEBUG:root:Leg - move_leg_with_given_angles leg_left_front
DEBUG:root:AngleValidator - check_angle
DEBUG:root:AngleValidator - check_angle
DEBUG:root:AngleValidator - check_angle
DEBUG:root:AngleValidator - check_angle
DEBUG:root:AngleValidator - check_angle
DEBUG:root:AngleValidator - check_angle
DEBUG:root:DecisionMaker - mirror_emotion
DEBUG:root:Mover - move
DEBUG:root:Mover - __kitty_move
DEBUG:root:Mover - __move_RB
DEBUG:root:ControllerLimb - leg_right_back
DEBUG:root:Mover - __move_RF
DEBUG:root:Leg - move leg_right_back
DEBUG:root:Mover - __move_LB
DEBUG:root:ControllerLimb - leg_right_front
DEBUG:root:Mover - __move_LF
DEBUG:root:AngleValidator - check_angle
DEBUG:root:AngleValidator - check_angle
DEBUG:root:ControllerLimb - leg_left_back
DEBUG:root:Leg - move leg_right_front
DEBUG:root:AngleValidator - check_angle
DEBUG:root:ControllerLimb - leg_left_front
DEBUG:root:Leg - move_leg_with_given_angles leg_right_back
DEBUG:root:AngleValidator - check_angle
DEBUG:root:Leg - move leg_left_back
DEBUG:root:AngleValidator - check_angle
DEBUG:root:Leg - move_leg_with_given_angles leg_right_front
DEBUG:root:Leg - move leg_left_front
DEBUG:root:AngleValidator - check_angle
DEBUG:root:Mover - __move_tail
DEBUG:root:AngleValidator - check_angle
DEBUG:root:AngleValidator - check_angle
DEBUG:root:AngleValidator - check_angle
DEBUG:root:AngleValidator - check_angle
DEBUG:root:ControllerLimb - tail
DEBUG:root:AngleValidator - check_angle
DEBUG:root:Mover - __move_head
DEBUG:root:AngleValidator - check_angle
DEBUG:root:Tail - move tail
DEBUG:root:Leg - move_leg_with_given_angles leg_left_back
DEBUG:root:ControllerLimb - head
DEBUG:root:Leg - move_leg_with_given_angles leg_left_front
DEBUG:root:AngleValidator - check_angle
DEBUG:root:AngleValidator - check_angle
DEBUG:root:Head - move head
DEBUG:root:AngleValidator - check_angle
DEBUG:root:AngleValidator - check_angle
DEBUG:root:AngleValidator - check_angle
DEBUG:root:AngleValidator - check_angle
DEBUG:root:AngleValidator - check_angle
